<?xml version="1.0" encoding="UTF-8"?>
<!-- Generated by org.testng.reporters.JUnitReportReporter -->
<testsuite hostname="DESKTOP-SS5TGEM" failures="0" tests="2" name="TestRunners.Runner" time="26.473" errors="0" timestamp="21 May 2022 06:55:46 GMT" skipped="0">
  <testcase classname="TestRunners.Runner" name="runScenario" time="14.549"/>
  <testcase classname="TestRunners.Runner" name="runScenario" time="11.924"/>
</testsuite> <!-- TestRunners.Runner -->
